1587964779606	mozrunner::runner	INFO	Running command: "/Applications/Firefox.app/Contents/MacOS/firefox-bin" "-marionette" "-foreground" "-no-remote" "-profile" "/var/folders/x9/zdqnttys78jdvnnqrnzx7dh40000gn/T/rust_mozprofileFep1Wt"
1587964780698	addons.webextension.doh-rollout@mozilla.org	WARN	Loading extension 'doh-rollout@mozilla.org': Reading manifest: Invalid extension permission: networkStatus
1587964781148	addons.webextension.screenshots@mozilla.org	WARN	Loading extension 'screenshots@mozilla.org': Reading manifest: Invalid extension permission: mozillaAddons
1587964781149	addons.webextension.screenshots@mozilla.org	WARN	Loading extension 'screenshots@mozilla.org': Reading manifest: Invalid extension permission: telemetry
1587964781149	addons.webextension.screenshots@mozilla.org	WARN	Loading extension 'screenshots@mozilla.org': Reading manifest: Invalid extension permission: resource://pdf.js/
1587964781149	addons.webextension.screenshots@mozilla.org	WARN	Loading extension 'screenshots@mozilla.org': Reading manifest: Invalid extension permission: about:reader*
1587964783219	Marionette	INFO	Listening on port 56892
1587964783318	Marionette	WARN	TLS certificate errors will be ignored for this session
JavaScript warning: https://archive.org/includes/jquery-1.10.2.min.js?v1.10.2, line 2: Using //@ to indicate sourceMappingURL pragmas is deprecated. Use //# instead
1587964846139	mozrunner::runner	INFO	Running command: "/Applications/Firefox.app/Contents/MacOS/firefox-bin" "-marionette" "-foreground" "-no-remote" "-profile" "/var/folders/x9/zdqnttys78jdvnnqrnzx7dh40000gn/T/rust_mozprofileh9YNE3"
1587964846698	addons.webextension.doh-rollout@mozilla.org	WARN	Loading extension 'doh-rollout@mozilla.org': Reading manifest: Invalid extension permission: networkStatus
1587964847099	addons.webextension.screenshots@mozilla.org	WARN	Loading extension 'screenshots@mozilla.org': Reading manifest: Invalid extension permission: mozillaAddons
1587964847099	addons.webextension.screenshots@mozilla.org	WARN	Loading extension 'screenshots@mozilla.org': Reading manifest: Invalid extension permission: telemetry
1587964847099	addons.webextension.screenshots@mozilla.org	WARN	Loading extension 'screenshots@mozilla.org': Reading manifest: Invalid extension permission: resource://pdf.js/
1587964847099	addons.webextension.screenshots@mozilla.org	WARN	Loading extension 'screenshots@mozilla.org': Reading manifest: Invalid extension permission: about:reader*
1587964848707	Marionette	INFO	Listening on port 57291
1587964848804	Marionette	WARN	TLS certificate errors will be ignored for this session
JavaScript warning: https://archive.org/includes/jquery-1.10.2.min.js?v1.10.2, line 2: Using //@ to indicate sourceMappingURL pragmas is deprecated. Use //# instead
1587964878681	Marionette	INFO	Stopped listening on port 57291
1587964878778	Marionette	INFO	Stopped listening on port 56892
1587964907726	mozrunner::runner	INFO	Running command: "/Applications/Firefox.app/Contents/MacOS/firefox-bin" "-marionette" "-foreground" "-no-remote" "-profile" "/var/folders/x9/zdqnttys78jdvnnqrnzx7dh40000gn/T/rust_mozprofilehsT72a"
1587964908204	addons.webextension.doh-rollout@mozilla.org	WARN	Loading extension 'doh-rollout@mozilla.org': Reading manifest: Invalid extension permission: networkStatus
1587964908592	addons.webextension.screenshots@mozilla.org	WARN	Loading extension 'screenshots@mozilla.org': Reading manifest: Invalid extension permission: mozillaAddons
1587964908592	addons.webextension.screenshots@mozilla.org	WARN	Loading extension 'screenshots@mozilla.org': Reading manifest: Invalid extension permission: telemetry
1587964908592	addons.webextension.screenshots@mozilla.org	WARN	Loading extension 'screenshots@mozilla.org': Reading manifest: Invalid extension permission: resource://pdf.js/
1587964908592	addons.webextension.screenshots@mozilla.org	WARN	Loading extension 'screenshots@mozilla.org': Reading manifest: Invalid extension permission: about:reader*
1587964910169	Marionette	INFO	Listening on port 57646
1587964910283	Marionette	WARN	TLS certificate errors will be ignored for this session
JavaScript warning: https://archive.org/includes/jquery-1.10.2.min.js?v1.10.2, line 2: Using //@ to indicate sourceMappingURL pragmas is deprecated. Use //# instead
1587964996650	mozrunner::runner	INFO	Running command: "/Applications/Firefox.app/Contents/MacOS/firefox-bin" "-marionette" "-foreground" "-no-remote" "-profile" "/var/folders/x9/zdqnttys78jdvnnqrnzx7dh40000gn/T/rust_mozprofileQ6P27B"
1587964997141	addons.webextension.doh-rollout@mozilla.org	WARN	Loading extension 'doh-rollout@mozilla.org': Reading manifest: Invalid extension permission: networkStatus
1587964997539	addons.webextension.screenshots@mozilla.org	WARN	Loading extension 'screenshots@mozilla.org': Reading manifest: Invalid extension permission: mozillaAddons
1587964997539	addons.webextension.screenshots@mozilla.org	WARN	Loading extension 'screenshots@mozilla.org': Reading manifest: Invalid extension permission: telemetry
1587964997539	addons.webextension.screenshots@mozilla.org	WARN	Loading extension 'screenshots@mozilla.org': Reading manifest: Invalid extension permission: resource://pdf.js/
1587964997539	addons.webextension.screenshots@mozilla.org	WARN	Loading extension 'screenshots@mozilla.org': Reading manifest: Invalid extension permission: about:reader*
1587964999108	Marionette	INFO	Listening on port 58122
1587964999222	Marionette	WARN	TLS certificate errors will be ignored for this session
JavaScript warning: https://archive.org/includes/jquery-1.10.2.min.js?v1.10.2, line 2: Using //@ to indicate sourceMappingURL pragmas is deprecated. Use //# instead
1587965021794	Marionette	INFO	Stopped listening on port 58122
1587965221131	Marionette	INFO	Stopped listening on port 57646
1587965225185	mozrunner::runner	INFO	Running command: "/Applications/Firefox.app/Contents/MacOS/firefox-bin" "-marionette" "-foreground" "-no-remote" "-profile" "/var/folders/x9/zdqnttys78jdvnnqrnzx7dh40000gn/T/rust_mozprofileM3u5xH"
1587965225645	addons.webextension.doh-rollout@mozilla.org	WARN	Loading extension 'doh-rollout@mozilla.org': Reading manifest: Invalid extension permission: networkStatus
1587965226046	addons.webextension.screenshots@mozilla.org	WARN	Loading extension 'screenshots@mozilla.org': Reading manifest: Invalid extension permission: mozillaAddons
1587965226046	addons.webextension.screenshots@mozilla.org	WARN	Loading extension 'screenshots@mozilla.org': Reading manifest: Invalid extension permission: telemetry
1587965226046	addons.webextension.screenshots@mozilla.org	WARN	Loading extension 'screenshots@mozilla.org': Reading manifest: Invalid extension permission: resource://pdf.js/
1587965226046	addons.webextension.screenshots@mozilla.org	WARN	Loading extension 'screenshots@mozilla.org': Reading manifest: Invalid extension permission: about:reader*
1587965227693	Marionette	INFO	Listening on port 59353
1587965227767	Marionette	WARN	TLS certificate errors will be ignored for this session
JavaScript warning: https://archive.org/includes/jquery-1.10.2.min.js?v1.10.2, line 2: Using //@ to indicate sourceMappingURL pragmas is deprecated. Use //# instead
JavaScript warning: https://archive.org/includes/jquery-1.10.2.min.js?v1.10.2, line 2: Using //@ to indicate sourceMappingURL pragmas is deprecated. Use //# instead
1587965415167	mozrunner::runner	INFO	Running command: "/Applications/Firefox.app/Contents/MacOS/firefox-bin" "-marionette" "-foreground" "-no-remote" "-profile" "/var/folders/x9/zdqnttys78jdvnnqrnzx7dh40000gn/T/rust_mozprofilep8gDO1"
1587965415599	addons.webextension.doh-rollout@mozilla.org	WARN	Loading extension 'doh-rollout@mozilla.org': Reading manifest: Invalid extension permission: networkStatus
1587965415995	addons.webextension.screenshots@mozilla.org	WARN	Loading extension 'screenshots@mozilla.org': Reading manifest: Invalid extension permission: mozillaAddons
1587965415995	addons.webextension.screenshots@mozilla.org	WARN	Loading extension 'screenshots@mozilla.org': Reading manifest: Invalid extension permission: telemetry
1587965415996	addons.webextension.screenshots@mozilla.org	WARN	Loading extension 'screenshots@mozilla.org': Reading manifest: Invalid extension permission: resource://pdf.js/
1587965415996	addons.webextension.screenshots@mozilla.org	WARN	Loading extension 'screenshots@mozilla.org': Reading manifest: Invalid extension permission: about:reader*
1587965417583	Marionette	INFO	Listening on port 60324
1587965417642	Marionette	WARN	TLS certificate errors will be ignored for this session
JavaScript warning: https://archive.org/includes/jquery-1.10.2.min.js?v1.10.2, line 2: Using //@ to indicate sourceMappingURL pragmas is deprecated. Use //# instead
JavaScript warning: https://archive.org/includes/jquery-1.10.2.min.js?v1.10.2, line 2: Using //@ to indicate sourceMappingURL pragmas is deprecated. Use //# instead
1587965446272	mozrunner::runner	INFO	Running command: "/Applications/Firefox.app/Contents/MacOS/firefox-bin" "-marionette" "-foreground" "-no-remote" "-profile" "/var/folders/x9/zdqnttys78jdvnnqrnzx7dh40000gn/T/rust_mozprofilexK5GqL"
1587965446890	addons.webextension.doh-rollout@mozilla.org	WARN	Loading extension 'doh-rollout@mozilla.org': Reading manifest: Invalid extension permission: networkStatus
1587965447288	addons.webextension.screenshots@mozilla.org	WARN	Loading extension 'screenshots@mozilla.org': Reading manifest: Invalid extension permission: mozillaAddons
1587965447288	addons.webextension.screenshots@mozilla.org	WARN	Loading extension 'screenshots@mozilla.org': Reading manifest: Invalid extension permission: telemetry
1587965447288	addons.webextension.screenshots@mozilla.org	WARN	Loading extension 'screenshots@mozilla.org': Reading manifest: Invalid extension permission: resource://pdf.js/
1587965447288	addons.webextension.screenshots@mozilla.org	WARN	Loading extension 'screenshots@mozilla.org': Reading manifest: Invalid extension permission: about:reader*
1587965448954	Marionette	INFO	Listening on port 60559
1587965449034	Marionette	WARN	TLS certificate errors will be ignored for this session
1587965450161	Marionette	INFO	Stopped listening on port 59353
JavaScript warning: https://archive.org/includes/jquery-1.10.2.min.js?v1.10.2, line 2: Using //@ to indicate sourceMappingURL pragmas is deprecated. Use //# instead
1587965454724	Marionette	INFO	Stopped listening on port 60324
JavaScript warning: https://archive.org/includes/jquery-1.10.2.min.js?v1.10.2, line 2: Using //@ to indicate sourceMappingURL pragmas is deprecated. Use //# instead
1587965605940	mozrunner::runner	INFO	Running command: "/Applications/Firefox.app/Contents/MacOS/firefox-bin" "-marionette" "-foreground" "-no-remote" "-profile" "/var/folders/x9/zdqnttys78jdvnnqrnzx7dh40000gn/T/rust_mozprofilezqYZvO"
1587965606340	addons.webextension.doh-rollout@mozilla.org	WARN	Loading extension 'doh-rollout@mozilla.org': Reading manifest: Invalid extension permission: networkStatus
1587965606736	addons.webextension.screenshots@mozilla.org	WARN	Loading extension 'screenshots@mozilla.org': Reading manifest: Invalid extension permission: mozillaAddons
1587965606737	addons.webextension.screenshots@mozilla.org	WARN	Loading extension 'screenshots@mozilla.org': Reading manifest: Invalid extension permission: telemetry
1587965606737	addons.webextension.screenshots@mozilla.org	WARN	Loading extension 'screenshots@mozilla.org': Reading manifest: Invalid extension permission: resource://pdf.js/
1587965606737	addons.webextension.screenshots@mozilla.org	WARN	Loading extension 'screenshots@mozilla.org': Reading manifest: Invalid extension permission: about:reader*
1587965608260	Marionette	INFO	Listening on port 61341
1587965608312	Marionette	WARN	TLS certificate errors will be ignored for this session
JavaScript warning: https://archive.org/includes/jquery-1.10.2.min.js?v1.10.2, line 2: Using //@ to indicate sourceMappingURL pragmas is deprecated. Use //# instead
JavaScript warning: https://archive.org/includes/jquery-1.10.2.min.js?v1.10.2, line 2: Using //@ to indicate sourceMappingURL pragmas is deprecated. Use //# instead
1587965614700	Marionette	INFO	Stopped listening on port 61341
1587965694429	mozrunner::runner	INFO	Running command: "/Applications/Firefox.app/Contents/MacOS/firefox-bin" "-marionette" "-foreground" "-no-remote" "-profile" "/var/folders/x9/zdqnttys78jdvnnqrnzx7dh40000gn/T/rust_mozprofilejlNkLM"
1587965694894	addons.webextension.doh-rollout@mozilla.org	WARN	Loading extension 'doh-rollout@mozilla.org': Reading manifest: Invalid extension permission: networkStatus
1587965695276	addons.webextension.screenshots@mozilla.org	WARN	Loading extension 'screenshots@mozilla.org': Reading manifest: Invalid extension permission: mozillaAddons
1587965695278	addons.webextension.screenshots@mozilla.org	WARN	Loading extension 'screenshots@mozilla.org': Reading manifest: Invalid extension permission: telemetry
1587965695278	addons.webextension.screenshots@mozilla.org	WARN	Loading extension 'screenshots@mozilla.org': Reading manifest: Invalid extension permission: resource://pdf.js/
1587965695278	addons.webextension.screenshots@mozilla.org	WARN	Loading extension 'screenshots@mozilla.org': Reading manifest: Invalid extension permission: about:reader*
1587965696813	Marionette	INFO	Listening on port 61842
1587965696900	Marionette	WARN	TLS certificate errors will be ignored for this session
JavaScript warning: https://archive.org/includes/jquery-1.10.2.min.js?v1.10.2, line 2: Using //@ to indicate sourceMappingURL pragmas is deprecated. Use //# instead
JavaScript warning: https://archive.org/includes/jquery-1.10.2.min.js?v1.10.2, line 2: Using //@ to indicate sourceMappingURL pragmas is deprecated. Use //# instead
1587965716938	Marionette	INFO	Stopped listening on port 61842
1587966052746	mozrunner::runner	INFO	Running command: "/Applications/Firefox.app/Contents/MacOS/firefox-bin" "-marionette" "-foreground" "-no-remote" "-profile" "/var/folders/x9/zdqnttys78jdvnnqrnzx7dh40000gn/T/rust_mozprofileuR3gWi"
1587966053188	addons.webextension.doh-rollout@mozilla.org	WARN	Loading extension 'doh-rollout@mozilla.org': Reading manifest: Invalid extension permission: networkStatus
1587966053584	addons.webextension.screenshots@mozilla.org	WARN	Loading extension 'screenshots@mozilla.org': Reading manifest: Invalid extension permission: mozillaAddons
1587966053584	addons.webextension.screenshots@mozilla.org	WARN	Loading extension 'screenshots@mozilla.org': Reading manifest: Invalid extension permission: telemetry
1587966053584	addons.webextension.screenshots@mozilla.org	WARN	Loading extension 'screenshots@mozilla.org': Reading manifest: Invalid extension permission: resource://pdf.js/
1587966053584	addons.webextension.screenshots@mozilla.org	WARN	Loading extension 'screenshots@mozilla.org': Reading manifest: Invalid extension permission: about:reader*
1587966055122	Marionette	INFO	Listening on port 63586
1587966055197	Marionette	WARN	TLS certificate errors will be ignored for this session
JavaScript warning: https://archive.org/includes/jquery-1.10.2.min.js?v1.10.2, line 2: Using //@ to indicate sourceMappingURL pragmas is deprecated. Use //# instead
1587966083914	mozrunner::runner	INFO	Running command: "/Applications/Firefox.app/Contents/MacOS/firefox-bin" "-marionette" "-foreground" "-no-remote" "-profile" "/var/folders/x9/zdqnttys78jdvnnqrnzx7dh40000gn/T/rust_mozprofileDE23VU"
1587966084378	addons.webextension.doh-rollout@mozilla.org	WARN	Loading extension 'doh-rollout@mozilla.org': Reading manifest: Invalid extension permission: networkStatus
1587966084765	addons.webextension.screenshots@mozilla.org	WARN	Loading extension 'screenshots@mozilla.org': Reading manifest: Invalid extension permission: mozillaAddons
1587966084765	addons.webextension.screenshots@mozilla.org	WARN	Loading extension 'screenshots@mozilla.org': Reading manifest: Invalid extension permission: telemetry
1587966084765	addons.webextension.screenshots@mozilla.org	WARN	Loading extension 'screenshots@mozilla.org': Reading manifest: Invalid extension permission: resource://pdf.js/
1587966084765	addons.webextension.screenshots@mozilla.org	WARN	Loading extension 'screenshots@mozilla.org': Reading manifest: Invalid extension permission: about:reader*
1587966086405	Marionette	INFO	Listening on port 63785
1587966086491	Marionette	WARN	TLS certificate errors will be ignored for this session
JavaScript warning: https://archive.org/includes/jquery-1.10.2.min.js?v1.10.2, line 2: Using //@ to indicate sourceMappingURL pragmas is deprecated. Use //# instead
JavaScript warning: https://archive.org/includes/jquery-1.10.2.min.js?v1.10.2, line 2: Using //@ to indicate sourceMappingURL pragmas is deprecated. Use //# instead
1587966109271	Marionette	INFO	Stopped listening on port 63586
1587966111104	Marionette	INFO	Stopped listening on port 60559
1587966115781	Marionette	INFO	Stopped listening on port 63785
1587966141646	mozrunner::runner	INFO	Running command: "/Applications/Firefox.app/Contents/MacOS/firefox-bin" "-marionette" "-foreground" "-no-remote" "-profile" "/var/folders/x9/zdqnttys78jdvnnqrnzx7dh40000gn/T/rust_mozprofilez52m5f"
1587966142082	addons.webextension.doh-rollout@mozilla.org	WARN	Loading extension 'doh-rollout@mozilla.org': Reading manifest: Invalid extension permission: networkStatus
1587966142468	addons.webextension.screenshots@mozilla.org	WARN	Loading extension 'screenshots@mozilla.org': Reading manifest: Invalid extension permission: mozillaAddons
1587966142469	addons.webextension.screenshots@mozilla.org	WARN	Loading extension 'screenshots@mozilla.org': Reading manifest: Invalid extension permission: telemetry
1587966142469	addons.webextension.screenshots@mozilla.org	WARN	Loading extension 'screenshots@mozilla.org': Reading manifest: Invalid extension permission: resource://pdf.js/
1587966142469	addons.webextension.screenshots@mozilla.org	WARN	Loading extension 'screenshots@mozilla.org': Reading manifest: Invalid extension permission: about:reader*
1587966143984	Marionette	INFO	Listening on port 64134
1587966144038	Marionette	WARN	TLS certificate errors will be ignored for this session
JavaScript warning: https://archive.org/includes/jquery-1.10.2.min.js?v1.10.2, line 2: Using //@ to indicate sourceMappingURL pragmas is deprecated. Use //# instead
JavaScript warning: https://archive.org/includes/jquery-1.10.2.min.js?v1.10.2, line 2: Using //@ to indicate sourceMappingURL pragmas is deprecated. Use //# instead
JavaScript error: resource://gre/actors/PictureInPictureChild.jsm, line 114: InvalidStateError: An attempt was made to use an object that is not, or is no longer, usable
JavaScript warning: https://archive.org/includes/jquery-1.10.2.min.js?v1.10.2, line 2: Using //@ to indicate sourceMappingURL pragmas is deprecated. Use //# instead
JavaScript warning: https://archive.org/includes/jquery-1.10.2.min.js?v1.10.2, line 2: Using //@ to indicate sourceMappingURL pragmas is deprecated. Use //# instead
JavaScript error: resource://gre/actors/PictureInPictureChild.jsm, line 114: InvalidStateError: An attempt was made to use an object that is not, or is no longer, usable
JavaScript error: resource://gre/actors/PictureInPictureChild.jsm, line 114: InvalidStateError: An attempt was made to use an object that is not, or is no longer, usable
JavaScript error: resource://gre/actors/PictureInPictureChild.jsm, line 114: InvalidStateError: An attempt was made to use an object that is not, or is no longer, usable
JavaScript error: resource://gre/actors/PictureInPictureChild.jsm, line 114: InvalidStateError: An attempt was made to use an object that is not, or is no longer, usable
[Child 96076, MediaDecoderStateMachine #1] WARNING: Decoder=156bd9c00 state=DECODING_METADATA Decode metadata failed, shutting down decoder: file /builds/worker/checkouts/gecko/dom/media/MediaDecoderStateMachine.cpp, line 359
[Child 96076, MediaDecoderStateMachine #1] WARNING: Decoder=156bd9c00 Decode error: NS_ERROR_DOM_MEDIA_METADATA_ERR (0x806e0006) - static MP4Metadata::ResultAndByteBuffer mozilla::MP4Metadata::Metadata(mozilla::ByteStream *): Cannot parse metadata: file /builds/worker/checkouts/gecko/dom/media/MediaDecoderStateMachine.cpp, line 3367
JavaScript error: resource://gre/actors/PictureInPictureChild.jsm, line 114: InvalidStateError: An attempt was made to use an object that is not, or is no longer, usable
JavaScript error: resource://gre/actors/PictureInPictureChild.jsm, line 114: InvalidStateError: An attempt was made to use an object that is not, or is no longer, usable
JavaScript error: resource://gre/actors/PictureInPictureChild.jsm, line 114: InvalidStateError: An attempt was made to use an object that is not, or is no longer, usable
JavaScript error: resource://gre/actors/PictureInPictureChild.jsm, line 114: InvalidStateError: An attempt was made to use an object that is not, or is no longer, usable
JavaScript error: resource://gre/actors/PictureInPictureChild.jsm, line 114: InvalidStateError: An attempt was made to use an object that is not, or is no longer, usable
JavaScript error: resource://gre/actors/PictureInPictureChild.jsm, line 114: InvalidStateError: An attempt was made to use an object that is not, or is no longer, usable
JavaScript error: resource://gre/actors/PictureInPictureChild.jsm, line 114: InvalidStateError: An attempt was made to use an object that is not, or is no longer, usable
JavaScript error: resource://gre/actors/PictureInPictureChild.jsm, line 114: InvalidStateError: An attempt was made to use an object that is not, or is no longer, usable
JavaScript error: resource://gre/actors/PictureInPictureChild.jsm, line 114: InvalidStateError: An attempt was made to use an object that is not, or is no longer, usable
JavaScript error: resource://gre/actors/PictureInPictureChild.jsm, line 114: InvalidStateError: An attempt was made to use an object that is not, or is no longer, usable
JavaScript error: resource://gre/actors/PictureInPictureChild.jsm, line 114: InvalidStateError: An attempt was made to use an object that is not, or is no longer, usable
JavaScript error: resource://gre/actors/PictureInPictureChild.jsm, line 114: InvalidStateError: An attempt was made to use an object that is not, or is no longer, usable
Warning: unknown JFIF revision number 2.01
Warning: unknown JFIF revision number 2.01
JavaScript error: resource://gre/actors/PictureInPictureChild.jsm, line 114: InvalidStateError: An attempt was made to use an object that is not, or is no longer, usable
JavaScript error: resource://gre/actors/PictureInPictureChild.jsm, line 114: InvalidStateError: An attempt was made to use an object that is not, or is no longer, usable
JavaScript error: resource://gre/actors/PictureInPictureChild.jsm, line 114: InvalidStateError: An attempt was made to use an object that is not, or is no longer, usable
JavaScript error: resource://gre/actors/PictureInPictureChild.jsm, line 114: InvalidStateError: An attempt was made to use an object that is not, or is no longer, usable
Exiting due to channel error.
[GFX1-]: Receive IPC close with reason=AbnormalShutdown
Exiting due to channel error.
Exiting due to channel error.
1587966320672	mozrunner::runner	INFO	Running command: "/Applications/Firefox.app/Contents/MacOS/firefox-bin" "-marionette" "-foreground" "-no-remote" "-profile" "/var/folders/x9/zdqnttys78jdvnnqrnzx7dh40000gn/T/rust_mozprofileEdmWMd"
1587966321686	addons.webextension.doh-rollout@mozilla.org	WARN	Loading extension 'doh-rollout@mozilla.org': Reading manifest: Invalid extension permission: networkStatus
1587966322485	addons.webextension.screenshots@mozilla.org	WARN	Loading extension 'screenshots@mozilla.org': Reading manifest: Invalid extension permission: mozillaAddons
1587966322485	addons.webextension.screenshots@mozilla.org	WARN	Loading extension 'screenshots@mozilla.org': Reading manifest: Invalid extension permission: telemetry
1587966322485	addons.webextension.screenshots@mozilla.org	WARN	Loading extension 'screenshots@mozilla.org': Reading manifest: Invalid extension permission: resource://pdf.js/
1587966322485	addons.webextension.screenshots@mozilla.org	WARN	Loading extension 'screenshots@mozilla.org': Reading manifest: Invalid extension permission: about:reader*
1587966326444	Marionette	INFO	Listening on port 65386
1587966326520	Marionette	WARN	TLS certificate errors will be ignored for this session
JavaScript warning: https://archive.org/includes/jquery-1.10.2.min.js?v1.10.2, line 2: Using //@ to indicate sourceMappingURL pragmas is deprecated. Use //# instead
JavaScript warning: https://archive.org/includes/jquery-1.10.2.min.js?v1.10.2, line 2: Using //@ to indicate sourceMappingURL pragmas is deprecated. Use //# instead
JavaScript warning: https://archive.org/includes/jquery-1.10.2.min.js?v1.10.2, line 2: Using //@ to indicate sourceMappingURL pragmas is deprecated. Use //# instead
JavaScript warning: https://archive.org/includes/jquery-1.10.2.min.js?v1.10.2, line 2: Using //@ to indicate sourceMappingURL pragmas is deprecated. Use //# instead
JavaScript error: resource://gre/actors/PictureInPictureChild.jsm, line 114: InvalidStateError: An attempt was made to use an object that is not, or is no longer, usable
JavaScript error: resource://gre/actors/PictureInPictureChild.jsm, line 114: InvalidStateError: An attempt was made to use an object that is not, or is no longer, usable
JavaScript error: resource://gre/actors/PictureInPictureChild.jsm, line 114: InvalidStateError: An attempt was made to use an object that is not, or is no longer, usable
JavaScript error: resource://gre/actors/PictureInPictureChild.jsm, line 114: InvalidStateError: An attempt was made to use an object that is not, or is no longer, usable
JavaScript error: resource://gre/actors/PictureInPictureChild.jsm, line 114: InvalidStateError: An attempt was made to use an object that is not, or is no longer, usable
JavaScript error: resource://gre/actors/PictureInPictureChild.jsm, line 114: InvalidStateError: An attempt was made to use an object that is not, or is no longer, usable
Warning: unknown JFIF revision number 2.01
Warning: unknown JFIF revision number 2.01
JavaScript error: resource://gre/actors/PictureInPictureChild.jsm, line 114: InvalidStateError: An attempt was made to use an object that is not, or is no longer, usable
JavaScript error: resource://gre/actors/PictureInPictureChild.jsm, line 114: InvalidStateError: An attempt was made to use an object that is not, or is no longer, usable
JavaScript error: resource://gre/actors/PictureInPictureChild.jsm, line 114: InvalidStateError: An attempt was made to use an object that is not, or is no longer, usable
JavaScript error: resource://gre/actors/PictureInPictureChild.jsm, line 114: InvalidStateError: An attempt was made to use an object that is not, or is no longer, usable
JavaScript error: resource://gre/actors/PictureInPictureChild.jsm, line 114: InvalidStateError: An attempt was made to use an object that is not, or is no longer, usable
JavaScript error: resource://gre/actors/PictureInPictureChild.jsm, line 114: InvalidStateError: An attempt was made to use an object that is not, or is no longer, usable
JavaScript error: resource://gre/actors/PictureInPictureChild.jsm, line 114: InvalidStateError: An attempt was made to use an object that is not, or is no longer, usable
JavaScript error: resource://gre/actors/PictureInPictureChild.jsm, line 114: InvalidStateError: An attempt was made to use an object that is not, or is no longer, usable
JavaScript error: resource://gre/actors/PictureInPictureChild.jsm, line 114: InvalidStateError: An attempt was made to use an object that is not, or is no longer, usable
JavaScript error: resource://gre/actors/PictureInPictureChild.jsm, line 114: InvalidStateError: An attempt was made to use an object that is not, or is no longer, usable
JavaScript error: resource://gre/actors/PictureInPictureChild.jsm, line 114: InvalidStateError: An attempt was made to use an object that is not, or is no longer, usable
JavaScript error: resource://gre/actors/PictureInPictureChild.jsm, line 114: InvalidStateError: An attempt was made to use an object that is not, or is no longer, usable
JavaScript error: resource://gre/actors/PictureInPictureChild.jsm, line 114: InvalidStateError: An attempt was made to use an object that is not, or is no longer, usable
JavaScript error: resource://gre/actors/PictureInPictureChild.jsm, line 114: InvalidStateError: An attempt was made to use an object that is not, or is no longer, usable
JavaScript error: resource://gre/actors/PictureInPictureChild.jsm, line 114: InvalidStateError: An attempt was made to use an object that is not, or is no longer, usable
JavaScript error: resource://gre/actors/PictureInPictureChild.jsm, line 114: InvalidStateError: An attempt was made to use an object that is not, or is no longer, usable
JavaScript error: resource://gre/actors/PictureInPictureChild.jsm, line 114: InvalidStateError: An attempt was made to use an object that is not, or is no longer, usable
JavaScript error: resource://gre/actors/PictureInPictureChild.jsm, line 114: InvalidStateError: An attempt was made to use an object that is not, or is no longer, usable
[GFX1-]: Receive IPC close with reason=AbnormalShutdown
Exiting due to channel error.
[GFX1-]: Receive IPC close with reason=AbnormalShutdown
Exiting due to channel error.
Exiting due to channel error.
1587966742731	mozrunner::runner	INFO	Running command: "/Applications/Firefox.app/Contents/MacOS/firefox-bin" "-marionette" "-foreground" "-no-remote" "-profile" "/var/folders/x9/zdqnttys78jdvnnqrnzx7dh40000gn/T/rust_mozprofilea2VEV6"
1587966743205	addons.webextension.doh-rollout@mozilla.org	WARN	Loading extension 'doh-rollout@mozilla.org': Reading manifest: Invalid extension permission: networkStatus
1587966743594	addons.webextension.screenshots@mozilla.org	WARN	Loading extension 'screenshots@mozilla.org': Reading manifest: Invalid extension permission: mozillaAddons
1587966743594	addons.webextension.screenshots@mozilla.org	WARN	Loading extension 'screenshots@mozilla.org': Reading manifest: Invalid extension permission: telemetry
1587966743594	addons.webextension.screenshots@mozilla.org	WARN	Loading extension 'screenshots@mozilla.org': Reading manifest: Invalid extension permission: resource://pdf.js/
1587966743594	addons.webextension.screenshots@mozilla.org	WARN	Loading extension 'screenshots@mozilla.org': Reading manifest: Invalid extension permission: about:reader*
1587966745184	Marionette	INFO	Listening on port 51282
1587966745219	Marionette	WARN	TLS certificate errors will be ignored for this session
JavaScript warning: https://archive.org/includes/jquery-1.10.2.min.js?v1.10.2, line 2: Using //@ to indicate sourceMappingURL pragmas is deprecated. Use //# instead
JavaScript warning: https://archive.org/includes/jquery-1.10.2.min.js?v1.10.2, line 2: Using //@ to indicate sourceMappingURL pragmas is deprecated. Use //# instead
1587966802318	mozrunner::runner	INFO	Running command: "/Applications/Firefox.app/Contents/MacOS/firefox-bin" "-marionette" "-foreground" "-no-remote" "-profile" "/var/folders/x9/zdqnttys78jdvnnqrnzx7dh40000gn/T/rust_mozprofileXZCPTh"
1587966802752	addons.webextension.doh-rollout@mozilla.org	WARN	Loading extension 'doh-rollout@mozilla.org': Reading manifest: Invalid extension permission: networkStatus
1587966803163	addons.webextension.screenshots@mozilla.org	WARN	Loading extension 'screenshots@mozilla.org': Reading manifest: Invalid extension permission: mozillaAddons
1587966803164	addons.webextension.screenshots@mozilla.org	WARN	Loading extension 'screenshots@mozilla.org': Reading manifest: Invalid extension permission: telemetry
1587966803165	addons.webextension.screenshots@mozilla.org	WARN	Loading extension 'screenshots@mozilla.org': Reading manifest: Invalid extension permission: resource://pdf.js/
1587966803165	addons.webextension.screenshots@mozilla.org	WARN	Loading extension 'screenshots@mozilla.org': Reading manifest: Invalid extension permission: about:reader*
1587966804816	Marionette	INFO	Listening on port 51638
1587966804889	Marionette	WARN	TLS certificate errors will be ignored for this session
JavaScript warning: https://archive.org/includes/jquery-1.10.2.min.js?v1.10.2, line 2: Using //@ to indicate sourceMappingURL pragmas is deprecated. Use //# instead
JavaScript warning: https://archive.org/includes/jquery-1.10.2.min.js?v1.10.2, line 2: Using //@ to indicate sourceMappingURL pragmas is deprecated. Use //# instead
1587966817908	Marionette	INFO	Stopped listening on port 51638
1587966822967	mozrunner::runner	INFO	Running command: "/Applications/Firefox.app/Contents/MacOS/firefox-bin" "-marionette" "-foreground" "-no-remote" "-profile" "/var/folders/x9/zdqnttys78jdvnnqrnzx7dh40000gn/T/rust_mozprofileJCNFkR"
1587966823401	addons.webextension.doh-rollout@mozilla.org	WARN	Loading extension 'doh-rollout@mozilla.org': Reading manifest: Invalid extension permission: networkStatus
1587966823806	addons.webextension.screenshots@mozilla.org	WARN	Loading extension 'screenshots@mozilla.org': Reading manifest: Invalid extension permission: mozillaAddons
1587966823806	addons.webextension.screenshots@mozilla.org	WARN	Loading extension 'screenshots@mozilla.org': Reading manifest: Invalid extension permission: telemetry
1587966823806	addons.webextension.screenshots@mozilla.org	WARN	Loading extension 'screenshots@mozilla.org': Reading manifest: Invalid extension permission: resource://pdf.js/
1587966823806	addons.webextension.screenshots@mozilla.org	WARN	Loading extension 'screenshots@mozilla.org': Reading manifest: Invalid extension permission: about:reader*
1587966825397	Marionette	INFO	Listening on port 51830
1587966825480	Marionette	WARN	TLS certificate errors will be ignored for this session
JavaScript warning: https://archive.org/includes/jquery-1.10.2.min.js?v1.10.2, line 2: Using //@ to indicate sourceMappingURL pragmas is deprecated. Use //# instead
1587966827668	Marionette	INFO	Stopped listening on port 51282
JavaScript warning: https://archive.org/includes/jquery-1.10.2.min.js?v1.10.2, line 2: Using //@ to indicate sourceMappingURL pragmas is deprecated. Use //# instead
JavaScript warning: https://archive.org/includes/jquery-1.10.2.min.js?v1.10.2, line 2: Using //@ to indicate sourceMappingURL pragmas is deprecated. Use //# instead
1587966849459	mozrunner::runner	INFO	Running command: "/Applications/Firefox.app/Contents/MacOS/firefox-bin" "-marionette" "-foreground" "-no-remote" "-profile" "/var/folders/x9/zdqnttys78jdvnnqrnzx7dh40000gn/T/rust_mozprofiledI59Rp"
1587966849847	addons.webextension.doh-rollout@mozilla.org	WARN	Loading extension 'doh-rollout@mozilla.org': Reading manifest: Invalid extension permission: networkStatus
1587966850264	addons.webextension.screenshots@mozilla.org	WARN	Loading extension 'screenshots@mozilla.org': Reading manifest: Invalid extension permission: mozillaAddons
1587966850264	addons.webextension.screenshots@mozilla.org	WARN	Loading extension 'screenshots@mozilla.org': Reading manifest: Invalid extension permission: telemetry
1587966850264	addons.webextension.screenshots@mozilla.org	WARN	Loading extension 'screenshots@mozilla.org': Reading manifest: Invalid extension permission: resource://pdf.js/
1587966850265	addons.webextension.screenshots@mozilla.org	WARN	Loading extension 'screenshots@mozilla.org': Reading manifest: Invalid extension permission: about:reader*
1587966851927	Marionette	INFO	Listening on port 52021
1587966852028	Marionette	WARN	TLS certificate errors will be ignored for this session
JavaScript warning: https://archive.org/includes/jquery-1.10.2.min.js?v1.10.2, line 2: Using //@ to indicate sourceMappingURL pragmas is deprecated. Use //# instead
JavaScript warning: https://archive.org/includes/jquery-1.10.2.min.js?v1.10.2, line 2: Using //@ to indicate sourceMappingURL pragmas is deprecated. Use //# instead
JavaScript warning: https://archive.org/includes/jquery-1.10.2.min.js?v1.10.2, line 2: Using //@ to indicate sourceMappingURL pragmas is deprecated. Use //# instead
JavaScript warning: https://archive.org/includes/jquery-1.10.2.min.js?v1.10.2, line 2: Using //@ to indicate sourceMappingURL pragmas is deprecated. Use //# instead
1587966902015	Marionette	INFO	Stopped listening on port 52021
JavaScript warning: https://archive.org/includes/jquery-1.10.2.min.js?v1.10.2, line 2: Using //@ to indicate sourceMappingURL pragmas is deprecated. Use //# instead
1587966936408	Marionette	INFO	Stopped listening on port 51830
1587967047227	mozrunner::runner	INFO	Running command: "/Applications/Firefox.app/Contents/MacOS/firefox-bin" "-marionette" "-foreground" "-no-remote" "-profile" "/var/folders/x9/zdqnttys78jdvnnqrnzx7dh40000gn/T/rust_mozprofileXN5hBb"
1587967047670	addons.webextension.doh-rollout@mozilla.org	WARN	Loading extension 'doh-rollout@mozilla.org': Reading manifest: Invalid extension permission: networkStatus
1587967048061	addons.webextension.screenshots@mozilla.org	WARN	Loading extension 'screenshots@mozilla.org': Reading manifest: Invalid extension permission: mozillaAddons
1587967048061	addons.webextension.screenshots@mozilla.org	WARN	Loading extension 'screenshots@mozilla.org': Reading manifest: Invalid extension permission: telemetry
1587967048061	addons.webextension.screenshots@mozilla.org	WARN	Loading extension 'screenshots@mozilla.org': Reading manifest: Invalid extension permission: resource://pdf.js/
1587967048061	addons.webextension.screenshots@mozilla.org	WARN	Loading extension 'screenshots@mozilla.org': Reading manifest: Invalid extension permission: about:reader*
1587967049593	Marionette	INFO	Listening on port 52654
1587967049682	Marionette	WARN	TLS certificate errors will be ignored for this session
JavaScript warning: https://archive.org/includes/jquery-1.10.2.min.js?v1.10.2, line 2: Using //@ to indicate sourceMappingURL pragmas is deprecated. Use //# instead
Exiting due to channel error.
[GFX1-]: Receive IPC close with reason=AbnormalShutdown
Exiting due to channel error.
Exiting due to channel error.
1587967149754	mozrunner::runner	INFO	Running command: "/Applications/Firefox.app/Contents/MacOS/firefox-bin" "-marionette" "-foreground" "-no-remote" "-profile" "/var/folders/x9/zdqnttys78jdvnnqrnzx7dh40000gn/T/rust_mozprofileFZRhPz"
1587967150260	addons.webextension.doh-rollout@mozilla.org	WARN	Loading extension 'doh-rollout@mozilla.org': Reading manifest: Invalid extension permission: networkStatus
1587967150640	addons.webextension.screenshots@mozilla.org	WARN	Loading extension 'screenshots@mozilla.org': Reading manifest: Invalid extension permission: mozillaAddons
1587967150640	addons.webextension.screenshots@mozilla.org	WARN	Loading extension 'screenshots@mozilla.org': Reading manifest: Invalid extension permission: telemetry
1587967150640	addons.webextension.screenshots@mozilla.org	WARN	Loading extension 'screenshots@mozilla.org': Reading manifest: Invalid extension permission: resource://pdf.js/
1587967150640	addons.webextension.screenshots@mozilla.org	WARN	Loading extension 'screenshots@mozilla.org': Reading manifest: Invalid extension permission: about:reader*
1587967152207	Marionette	INFO	Listening on port 52888
1587967152251	Marionette	WARN	TLS certificate errors will be ignored for this session
JavaScript warning: https://archive.org/includes/jquery-1.10.2.min.js?v1.10.2, line 2: Using //@ to indicate sourceMappingURL pragmas is deprecated. Use //# instead
JavaScript warning: https://archive.org/includes/jquery-1.10.2.min.js?v1.10.2, line 2: Using //@ to indicate sourceMappingURL pragmas is deprecated. Use //# instead
JavaScript warning: https://archive.org/includes/jquery-1.10.2.min.js?v1.10.2, line 2: Using //@ to indicate sourceMappingURL pragmas is deprecated. Use //# instead
JavaScript warning: https://archive.org/includes/jquery-1.10.2.min.js?v1.10.2, line 2: Using //@ to indicate sourceMappingURL pragmas is deprecated. Use //# instead
1587968356539	Marionette	INFO	Stopped listening on port 52888
1588001401053	mozrunner::runner	INFO	Running command: "/Applications/Firefox.app/Contents/MacOS/firefox-bin" "-marionette" "-foreground" "-no-remote" "-profile" "/var/folders/x9/zdqnttys78jdvnnqrnzx7dh40000gn/T/rust_mozprofilesZwcph"
1588001401572	addons.webextension.doh-rollout@mozilla.org	WARN	Loading extension 'doh-rollout@mozilla.org': Reading manifest: Invalid extension permission: networkStatus
1588001401991	addons.webextension.screenshots@mozilla.org	WARN	Loading extension 'screenshots@mozilla.org': Reading manifest: Invalid extension permission: mozillaAddons
1588001401991	addons.webextension.screenshots@mozilla.org	WARN	Loading extension 'screenshots@mozilla.org': Reading manifest: Invalid extension permission: telemetry
1588001401991	addons.webextension.screenshots@mozilla.org	WARN	Loading extension 'screenshots@mozilla.org': Reading manifest: Invalid extension permission: resource://pdf.js/
1588001401991	addons.webextension.screenshots@mozilla.org	WARN	Loading extension 'screenshots@mozilla.org': Reading manifest: Invalid extension permission: about:reader*
1588001403706	Marionette	INFO	Listening on port 55317
1588001403754	Marionette	WARN	TLS certificate errors will be ignored for this session
JavaScript warning: https://archive.org/includes/jquery-1.10.2.min.js?v1.10.2, line 2: Using //@ to indicate sourceMappingURL pragmas is deprecated. Use //# instead
JavaScript warning: https://archive.org/includes/jquery-1.10.2.min.js?v1.10.2, line 2: Using //@ to indicate sourceMappingURL pragmas is deprecated. Use //# instead
JavaScript warning: https://archive.org/includes/jquery-1.10.2.min.js?v1.10.2, line 2: Using //@ to indicate sourceMappingURL pragmas is deprecated. Use //# instead
JavaScript warning: https://archive.org/includes/jquery-1.10.2.min.js?v1.10.2, line 2: Using //@ to indicate sourceMappingURL pragmas is deprecated. Use //# instead
1588030629494	Marionette	INFO	Stopped listening on port 55317
1588030635456	mozrunner::runner	INFO	Running command: "/Applications/Firefox.app/Contents/MacOS/firefox-bin" "-marionette" "-foreground" "-no-remote" "-profile" "/var/folders/x9/zdqnttys78jdvnnqrnzx7dh40000gn/T/rust_mozprofileZ8Rg5R"
1588030636266	addons.webextension.doh-rollout@mozilla.org	WARN	Loading extension 'doh-rollout@mozilla.org': Reading manifest: Invalid extension permission: networkStatus
1588030636686	addons.webextension.screenshots@mozilla.org	WARN	Loading extension 'screenshots@mozilla.org': Reading manifest: Invalid extension permission: mozillaAddons
1588030636686	addons.webextension.screenshots@mozilla.org	WARN	Loading extension 'screenshots@mozilla.org': Reading manifest: Invalid extension permission: telemetry
1588030636686	addons.webextension.screenshots@mozilla.org	WARN	Loading extension 'screenshots@mozilla.org': Reading manifest: Invalid extension permission: resource://pdf.js/
1588030636686	addons.webextension.screenshots@mozilla.org	WARN	Loading extension 'screenshots@mozilla.org': Reading manifest: Invalid extension permission: about:reader*
1588030638658	Marionette	INFO	Listening on port 56312
1588030638739	Marionette	WARN	TLS certificate errors will be ignored for this session
JavaScript warning: https://archive.org/includes/jquery-1.10.2.min.js?v1.10.2, line 2: Using //@ to indicate sourceMappingURL pragmas is deprecated. Use //# instead
JavaScript warning: https://archive.org/includes/jquery-1.10.2.min.js?v1.10.2, line 2: Using //@ to indicate sourceMappingURL pragmas is deprecated. Use //# instead
JavaScript warning: https://archive.org/includes/jquery-1.10.2.min.js?v1.10.2, line 2: Using //@ to indicate sourceMappingURL pragmas is deprecated. Use //# instead
JavaScript warning: https://archive.org/includes/jquery-1.10.2.min.js?v1.10.2, line 2: Using //@ to indicate sourceMappingURL pragmas is deprecated. Use //# instead
1588030862475	Marionette	INFO	Stopped listening on port 56312
1588119474164	mozrunner::runner	INFO	Running command: "/Applications/Firefox.app/Contents/MacOS/firefox-bin" "-marionette" "-foreground" "-no-remote" "-profile" "/var/folders/x9/zdqnttys78jdvnnqrnzx7dh40000gn/T/rust_mozprofileigZpUB"
1588119474897	addons.webextension.doh-rollout@mozilla.org	WARN	Loading extension 'doh-rollout@mozilla.org': Reading manifest: Invalid extension permission: networkStatus
1588119475300	addons.webextension.screenshots@mozilla.org	WARN	Loading extension 'screenshots@mozilla.org': Reading manifest: Invalid extension permission: mozillaAddons
1588119475300	addons.webextension.screenshots@mozilla.org	WARN	Loading extension 'screenshots@mozilla.org': Reading manifest: Invalid extension permission: telemetry
1588119475300	addons.webextension.screenshots@mozilla.org	WARN	Loading extension 'screenshots@mozilla.org': Reading manifest: Invalid extension permission: resource://pdf.js/
1588119475300	addons.webextension.screenshots@mozilla.org	WARN	Loading extension 'screenshots@mozilla.org': Reading manifest: Invalid extension permission: about:reader*
1588119477230	Marionette	INFO	Listening on port 62472
1588119477273	Marionette	WARN	TLS certificate errors will be ignored for this session
JavaScript warning: https://archive.org/includes/jquery-1.10.2.min.js?v1.10.2, line 2: Using //@ to indicate sourceMappingURL pragmas is deprecated. Use //# instead
JavaScript warning: https://archive.org/includes/jquery-1.10.2.min.js?v1.10.2, line 2: Using //@ to indicate sourceMappingURL pragmas is deprecated. Use //# instead
JavaScript warning: https://archive.org/includes/jquery-1.10.2.min.js?v1.10.2, line 2: Using //@ to indicate sourceMappingURL pragmas is deprecated. Use //# instead
JavaScript warning: https://archive.org/includes/jquery-1.10.2.min.js?v1.10.2, line 2: Using //@ to indicate sourceMappingURL pragmas is deprecated. Use //# instead
1588119582012	Marionette	INFO	Stopped listening on port 62472

###!!! [Parent][MessageChannel] Error: (msgtype=0x1A0011,name=PBackgroundStorage::Msg_Observe) Channel error: cannot send/recv

